#
# A fatal error has been detected by the Java Runtime Environment:
#
#  SIGSEGV (0xb) at pc=0x00007fe631069a7a, pid=28682, tid=0x00007fe6201bf700
#
# JRE version: Java(TM) SE Runtime Environment (8.0_121-b13) (build 1.8.0_121-b13)
# Java VM: Java HotSpot(TM) 64-Bit Server VM (25.121-b13 mixed mode linux-amd64 compressed oops)
# Problematic frame:
# v  ~BufferBlob::jni_fast_GetLongField
#
# Failed to write core dump. Core dumps have been disabled. To enable core dumping, try "ulimit -c unlimited" before starting Java again
#
# If you would like to submit a bug report, please visit:
#   http://bugreport.java.com/bugreport/crash.jsp
# The crash happened outside the Java Virtual Machine in native code.
# See problematic frame for where to report the bug.
#

---------------  T H R E A D  ---------------

Current thread (0x00007fe640266800):  JavaThread "AWT-XAWT" daemon [_thread_in_native, id=28700, stack(0x00007fe6200bf000,0x00007fe6201c0000)]

siginfo: si_signo: 11 (SIGSEGV), si_code: 1 (SEGV_MAPERR), si_addr: 0x0000000000000000

Registers:
RAX=0x00007fe646bccf60, RBX=0x00007fe6402669f8, RCX=0x00007fe647631320, RDX=0x0000000000000042
RSP=0x00007fe6201be5f8, RBP=0x00007fe6201be620, RSI=0x0000000000000000, RDI=0x00007fe6402669f8
R8 =0x00000000d6e92bd0, R9 =0x0000000000000000, R10=0x0000000000000022, R11=0x00007fe631355558
R12=0x00007fe5e400d540, R13=0x0000000000000000, R14=0x00007fe621b387e0, R15=0x00007fe640266800
RIP=0x00007fe631069a7a, EFLAGS=0x0000000000010246, CSGSFS=0x0000000000000033, ERR=0x0000000000000004
  TRAPNO=0x000000000000000e

Top of Stack: (sp=0x00007fe6201be5f8)
0x00007fe6201be5f8:   00007fe621916ee1 00007fe623c8bc08
0x00007fe6201be608:   00007fe5e400d540 00007fe6201be6d0
0x00007fe6201be618:   00007fe6201be6a0 0000000000000000
0x00007fe6201be628:   00007fe6213faae8 00007fe623c8bc08
0x00007fe6201be638:   00007fe6201be660 0000000000000000
0x00007fe6201be648:   00007fe6213f29a3 00007fe6201be6d0
0x00007fe6201be658:   00007fe62191011f 00007fe6201be6b0
0x00007fe6201be668:   00007fe6313555f6 0000000000000000
0x00007fe6201be678:   00007fe631260c76 00007fe6201be6d0
0x00007fe6201be688:   00007fe631181d2c 00007fe6201be730
0x00007fe6201be698:   00000000d70ea7c0 00000000d70b4408
0x00007fe6201be6a8:   0000000000000001 00007fe6201be730
0x00007fe6201be6b8:   00007fe631007a90 00007fe6201be730
0x00007fe6201be6c8:   00007fe631007a90 0000000000000000
0x00007fe6201be6d8:   00007fe631007dd0 00007fe5e8002e20
0x00007fe6201be6e8:   00000000d7119ba8 00007fe6201be6f0
0x00007fe6201be6f8:   00007fe623d7dfbc 00007fe6201be778
0x00007fe6201be708:   00007fe623d87428 0000000000000000
0x00007fe6201be718:   00007fe623d7e0f8 00007fe6201be6d0
0x00007fe6201be728:   00007fe6201be770 00007fe6201be7c0
0x00007fe6201be738:   00007fe6310082bd 0000000000000000
0x00007fe6201be748:   00000000d7572570 0000000000000000
0x00007fe6201be758:   0000000000000000 0000000000000000
0x00007fe6201be768:   00000000d7119ba8 0000000000000000
0x00007fe6201be778:   00000000d70eb360 00007fe6201be780
0x00007fe6201be788:   00007fe623d7ddfd 00007fe6201be7d0
0x00007fe6201be798:   00007fe623d87428 0000000000000000
0x00007fe6201be7a8:   00007fe623d7de08 00007fe6201be770
0x00007fe6201be7b8:   00007fe6201be7d0 00007fe6201be818
0x00007fe6201be7c8:   00007fe631008302 00000000d70eb360
0x00007fe6201be7d8:   00007fe6201be7d8 00007fe62382d993
0x00007fe6201be7e8:   00007fe6201be828 00007fe6238b5010 

Instructions: (pc=0x00007fe631069a7a)
0x00007fe631069a5a:   00 00 00 00 00 00 44 8b 15 81 2f ba 15 4c 8b ce
0x00007fe631069a6a:   41 f6 c2 01 0f 85 2e 00 00 00 4d 33 ca 4d 33 ca
0x00007fe631069a7a:   4d 8b 09 4c 8b da 49 c1 eb 02 4b 8b 04 19 49 bb
0x00007fe631069a8a:   e8 c9 c0 46 e6 7f 00 00 4c 33 d8 4c 33 d8 45 3b 

Register to memory mapping:

RAX=0x00007fe646bccf60: <offset 0xf85f60> in /usr/java/jdk1.8.0_121/jre/lib/amd64/server/libjvm.so at 0x00007fe645c47000
RBX=0x00007fe6402669f8 is an unknown value
RCX=0x00007fe647631320: <offset 0x219320> in /lib/x86_64-linux-gnu/libpthread.so.0 at 0x00007fe647418000
RDX=0x0000000000000042 is an unknown value
RSP=0x00007fe6201be5f8 is pointing into the stack for thread: 0x00007fe640266800
RBP=0x00007fe6201be620 is pointing into the stack for thread: 0x00007fe640266800
RSI=0x0000000000000000 is an unknown value
RDI=0x00007fe6402669f8 is an unknown value
R8 =0x00000000d6e92bd0 is an oop
sun.util.logging.PlatformLogger$Level 
 - klass: 'sun/util/logging/PlatformLogger$Level'
R9 =0x0000000000000000 is an unknown value
R10=0x0000000000000022 is an unknown value
R11=0x00007fe631355558 is at entry_point+24 in (nmethod*)0x00007fe6313553d0
R12=0x00007fe5e400d540 is an unknown value
R13=0x0000000000000000 is an unknown value
R14=0x00007fe621b387e0: <offset 0x2587e0> in /usr/java/jdk1.8.0_121/jre/lib/amd64/libawt_xawt.so at 0x00007fe6218e0000
R15=0x00007fe640266800 is a thread


Stack: [0x00007fe6200bf000,0x00007fe6201c0000],  sp=0x00007fe6201be5f8,  free space=1021k
Native frames: (J=compiled Java code, j=interpreted, Vv=VM code, C=native code)
v  ~BufferBlob::jni_fast_GetLongField
C  [libX11.so.6+0x61ae8]  _XimServerDestroy+0x58

Java frames: (J=compiled Java code, j=interpreted, Vv=VM code)
J 1043  sun.awt.X11.XlibWrapper.XFilterEvent(JJ)Z (0 bytes) @ 0x00007fe631355584 [0x00007fe631355540+0x44]
j  sun.awt.X11.XToolkit.run(Z)V+300
j  sun.awt.X11.XToolkit.run()V+5
j  java.lang.Thread.run()V+11
v  ~StubRoutines::call_stub

---------------  P R O C E S S  ---------------

Java Threads: ( => current thread )
  0x00007fe5e4017800 JavaThread "TimerQueue" daemon [_thread_blocked, id=28703, stack(0x00007fe5f2c45000,0x00007fe5f2d46000)]
=>0x00007fe640266800 JavaThread "AWT-XAWT" daemon [_thread_in_native, id=28700, stack(0x00007fe6200bf000,0x00007fe6201c0000)]
  0x00007fe640242800 JavaThread "Java2D Disposer" daemon [_thread_blocked, id=28699, stack(0x00007fe6201c0000,0x00007fe6202c1000)]
  0x00007fe6400d2800 JavaThread "Service Thread" daemon [_thread_blocked, id=28697, stack(0x00007fe621f0c000,0x00007fe62200d000)]
  0x00007fe6400bd800 JavaThread "C1 CompilerThread2" daemon [_thread_blocked, id=28696, stack(0x00007fe62200d000,0x00007fe62210e000)]
  0x00007fe6400bb800 JavaThread "C2 CompilerThread1" daemon [_thread_blocked, id=28695, stack(0x00007fe62210e000,0x00007fe62220f000)]
  0x00007fe6400b8800 JavaThread "C2 CompilerThread0" daemon [_thread_blocked, id=28694, stack(0x00007fe62220f000,0x00007fe622310000)]
  0x00007fe6400b7000 JavaThread "Signal Dispatcher" daemon [_thread_blocked, id=28693, stack(0x00007fe622310000,0x00007fe622411000)]
  0x00007fe640083800 JavaThread "Finalizer" daemon [_thread_blocked, id=28692, stack(0x00007fe622af3000,0x00007fe622bf4000)]
  0x00007fe64007f000 JavaThread "Reference Handler" daemon [_thread_blocked, id=28691, stack(0x00007fe622bf4000,0x00007fe622cf5000)]
  0x00007fe640009800 JavaThread "main" [_thread_in_native, id=28683, stack(0x00007fe64773b000,0x00007fe64783c000)]

Other Threads:
  0x00007fe640077800 VMThread [stack: 0x00007fe622cf5000,0x00007fe622df6000] [id=28690]
  0x00007fe6400dd800 WatcherThread [stack: 0x00007fe621e0b000,0x00007fe621f0c000] [id=28698]

VM state:not at safepoint (normal execution)

VM Mutex/Monitor currently owned by a thread: None

Heap:
 PSYoungGen      total 36864K, used 16507K [0x00000000d6e00000, 0x00000000d9700000, 0x0000000100000000)
  eden space 31744K, 52% used [0x00000000d6e00000,0x00000000d7e1ef48,0x00000000d8d00000)
  from space 5120K, 0% used [0x00000000d9200000,0x00000000d9200000,0x00000000d9700000)
  to   space 5120K, 0% used [0x00000000d8d00000,0x00000000d8d00000,0x00000000d9200000)
 ParOldGen       total 84992K, used 0K [0x0000000084a00000, 0x0000000089d00000, 0x00000000d6e00000)
  object space 84992K, 0% used [0x0000000084a00000,0x0000000084a00000,0x0000000089d00000)
 Metaspace       used 15535K, capacity 15754K, committed 16000K, reserved 1062912K
  class space    used 1776K, capacity 1879K, committed 1920K, reserved 1048576K

Card table byte_map: [0x00007fe64410d000,0x00007fe6444e9000] byte_map_base: 0x00007fe643ce8000

Marking Bits: (ParMarkBitMap*) 0x00007fe646c0bc80
 Begin Bits: [0x00007fe628250000, 0x00007fe62a128000)
 End Bits:   [0x00007fe62a128000, 0x00007fe62c000000)

Polling page: 0x00007fe647855000

CodeCache: size=245760Kb used=5526Kb max_used=5538Kb free=240233Kb
 bounds [0x00007fe631000000, 0x00007fe631570000, 0x00007fe640000000]
 total_blobs=2235 nmethods=1649 adapters=499
 compilation: enabled

Compilation events (10 events):
Event: 13.116 Thread 0x00007fe6400bd800 1645       3       java.awt.LightweightDispatcher::trackMouseEnterExit (111 bytes)
Event: 13.117 Thread 0x00007fe6400bd800 nmethod 1645 0x00007fe631563150 code [0x00007fe631563380, 0x00007fe631563ff8]
Event: 13.378 Thread 0x00007fe6400bd800 1646       3       java.awt.LightweightDispatcher::isMouseGrab (49 bytes)
Event: 13.379 Thread 0x00007fe6400bd800 nmethod 1646 0x00007fe631565d90 code [0x00007fe631565f20, 0x00007fe631566538]
Event: 13.399 Thread 0x00007fe6400bd800 1647   !   3       sun.awt.X11.XComponentPeer::pSetCursor (71 bytes)
Event: 13.400 Thread 0x00007fe6400bd800 nmethod 1647 0x00007fe631566690 code [0x00007fe631566940, 0x00007fe631567a88]
Event: 15.026 Thread 0x00007fe6400b8800 1648       4       javax.swing.JComponent::getFlag (20 bytes)
Event: 15.027 Thread 0x00007fe6400b8800 nmethod 1648 0x00007fe631562e90 code [0x00007fe631562fe0, 0x00007fe631563058]
Event: 1003.624 Thread 0x00007fe6400b8800 1649   !   4       sun.awt.X11.XToolkit::callTimeoutTasks (220 bytes)
Event: 1003.629 Thread 0x00007fe6400b8800 nmethod 1649 0x00007fe631569850 code [0x00007fe6315699c0, 0x00007fe631569b18]

GC Heap History (0 events):
No events

Deoptimization events (1 events):
Event: 10.652 Thread 0x00007fe640319000 Uncommon trap: reason=unstable_if action=reinterpret pc=0x00007fe631530514 method=java.security.AccessControlContext.optimize()Ljava/security/AccessControlContext; @ 233

Internal exceptions (10 events):
Event: 0.051 Thread 0x00007fe640009800 Exception <a 'java/lang/NoSuchMethodError': Method sun.misc.Unsafe.prefetchRead(Ljava/lang/Object;J)V name or signature does not match> (0x00000000d6e07f90) thrown at [/HUDSON3/workspace/8-2-build-linux-amd64/jdk8u121/8372/hotspot/src/share/vm/prims/jni.c
Event: 0.133 Thread 0x00007fe640009800 Exception <a 'java/security/PrivilegedActionException'> (0x00000000d6f46278) thrown at [/HUDSON3/workspace/8-2-build-linux-amd64/jdk8u121/8372/hotspot/src/share/vm/prims/jvm.cpp, line 1390]
Event: 0.133 Thread 0x00007fe640009800 Exception <a 'java/security/PrivilegedActionException'> (0x00000000d6f46488) thrown at [/HUDSON3/workspace/8-2-build-linux-amd64/jdk8u121/8372/hotspot/src/share/vm/prims/jvm.cpp, line 1390]
Event: 0.133 Thread 0x00007fe640009800 Exception <a 'java/security/PrivilegedActionException'> (0x00000000d6f48760) thrown at [/HUDSON3/workspace/8-2-build-linux-amd64/jdk8u121/8372/hotspot/src/share/vm/prims/jvm.cpp, line 1390]
Event: 0.133 Thread 0x00007fe640009800 Exception <a 'java/security/PrivilegedActionException'> (0x00000000d6f48970) thrown at [/HUDSON3/workspace/8-2-build-linux-amd64/jdk8u121/8372/hotspot/src/share/vm/prims/jvm.cpp, line 1390]
Event: 0.164 Thread 0x00007fe640009800 Exception <a 'java/lang/NoSuchFieldError': method resolution failed> (0x00000000d7014500) thrown at [/HUDSON3/workspace/8-2-build-linux-amd64/jdk8u121/8372/hotspot/src/share/vm/prims/methodHandles.cpp, line 1146]
Event: 0.165 Thread 0x00007fe640009800 Exception <a 'java/lang/NoSuchFieldError': method resolution failed> (0x00000000d7021cd0) thrown at [/HUDSON3/workspace/8-2-build-linux-amd64/jdk8u121/8372/hotspot/src/share/vm/prims/methodHandles.cpp, line 1146]
Event: 0.181 Thread 0x00007fe640009800 Exception <a 'java/io/FileNotFoundException'> (0x00000000d70a13d0) thrown at [/HUDSON3/workspace/8-2-build-linux-amd64/jdk8u121/8372/hotspot/src/share/vm/prims/jni.cpp, line 709]
Event: 0.181 Thread 0x00007fe640009800 Exception <a 'java/io/FileNotFoundException'> (0x00000000d70a1d50) thrown at [/HUDSON3/workspace/8-2-build-linux-amd64/jdk8u121/8372/hotspot/src/share/vm/prims/jni.cpp, line 709]
Event: 0.528 Thread 0x00007fe640319000 Exception <a 'java/lang/UnsupportedOperationException': > (0x00000000d7458d90) thrown at [/HUDSON3/workspace/8-2-build-linux-amd64/jdk8u121/8372/hotspot/src/share/vm/prims/jni.cpp, line 735]

Events (10 events):
Event: 16.031 loading class sun/awt/AWTAutoShutdown$1
Event: 16.031 loading class sun/awt/AWTAutoShutdown$1 done
Event: 16.031 Thread 0x00007fe640317800 Thread exited: 0x00007fe640317800
Event: 16.031 Thread 0x00007fe640319000 Thread exited: 0x00007fe640319000
Event: 1056.887 loading class sun/awt/X11/XkbEvent
Event: 1056.888 loading class sun/awt/X11/XkbEvent done
Event: 1056.888 loading class sun/awt/X11/XkbAnyEvent
Event: 1056.888 loading class sun/awt/X11/XkbAnyEvent done
Event: 1077.921 loading class sun/awt/X11/XDestroyWindowEvent
Event: 1077.921 loading class sun/awt/X11/XDestroyWindowEvent done


Dynamic libraries:
00400000-00401000 r-xp 00000000 08:08 1203782                            /usr/java/jdk1.8.0_121/bin/java
00600000-00601000 rw-p 00000000 08:08 1203782                            /usr/java/jdk1.8.0_121/bin/java
01762000-01783000 rw-p 00000000 00:00 0                                  [heap]
84a00000-89d00000 rw-p 00000000 00:00 0 
89d00000-d6e00000 ---p 00000000 00:00 0 
d6e00000-d9700000 rw-p 00000000 00:00 0 
d9700000-100000000 ---p 00000000 00:00 0 
100000000-1001e0000 rw-p 00000000 00:00 0 
1001e0000-140000000 ---p 00000000 00:00 0 
7fe5d8000000-7fe5d8021000 rw-p 00000000 00:00 0 
7fe5d8021000-7fe5dc000000 ---p 00000000 00:00 0 
7fe5e0000000-7fe5e0021000 rw-p 00000000 00:00 0 
7fe5e0021000-7fe5e4000000 ---p 00000000 00:00 0 
7fe5e4000000-7fe5e4049000 rw-p 00000000 00:00 0 
7fe5e4049000-7fe5e8000000 ---p 00000000 00:00 0 
7fe5e8000000-7fe5e8292000 rw-p 00000000 00:00 0 
7fe5e8292000-7fe5ec000000 ---p 00000000 00:00 0 
7fe5ec000000-7fe5ec021000 rw-p 00000000 00:00 0 
7fe5ec021000-7fe5f0000000 ---p 00000000 00:00 0 
7fe5f2c45000-7fe5f2c48000 ---p 00000000 00:00 0 
7fe5f2c48000-7fe5f2f06000 rw-p 00000000 00:00 0 
7fe5f2f06000-7fe5f2f46000 ---p 00000000 00:00 0 
7fe5f2f46000-7fe5f3146000 rw-p 00000000 00:00 0 
7fe5f3146000-7fe5f3149000 ---p 00000000 00:00 0 
7fe5f3149000-7fe5f3247000 rw-p 00000000 00:00 0 
7fe5f3247000-7fe5f324a000 ---p 00000000 00:00 0 
7fe5f324a000-7fe5f3348000 rw-p 00000000 00:00 0 
7fe5f3348000-7fe5f33b1000 r-xp 00000000 08:08 1203874                    /usr/java/jdk1.8.0_121/jre/lib/amd64/libt2k.so
7fe5f33b1000-7fe5f35b1000 ---p 00069000 08:08 1203874                    /usr/java/jdk1.8.0_121/jre/lib/amd64/libt2k.so
7fe5f35b1000-7fe5f35b8000 rw-p 00069000 08:08 1203874                    /usr/java/jdk1.8.0_121/jre/lib/amd64/libt2k.so
7fe5f35b8000-7fe5f35c8000 rw-p 00000000 00:00 0 
7fe5f35c8000-7fe5f35d9000 r-xp 00000000 08:08 1203842                    /usr/java/jdk1.8.0_121/jre/lib/amd64/libnio.so
7fe5f35d9000-7fe5f37d8000 ---p 00011000 08:08 1203842                    /usr/java/jdk1.8.0_121/jre/lib/amd64/libnio.so
7fe5f37d8000-7fe5f37d9000 rw-p 00010000 08:08 1203842                    /usr/java/jdk1.8.0_121/jre/lib/amd64/libnio.so
7fe5f37d9000-7fe5f39d9000 rw-p 00000000 00:00 0 
7fe5f39d9000-7fe5f39ef000 r-xp 00000000 08:08 1203817                    /usr/java/jdk1.8.0_121/jre/lib/amd64/libnet.so
7fe5f39ef000-7fe5f3bef000 ---p 00016000 08:08 1203817                    /usr/java/jdk1.8.0_121/jre/lib/amd64/libnet.so
7fe5f3bef000-7fe5f3bf0000 rw-p 00016000 08:08 1203817                    /usr/java/jdk1.8.0_121/jre/lib/amd64/libnet.so
7fe5f3bf0000-7fe5f3bf5000 r-xp 00000000 08:08 1181064                    /usr/lib/x86_64-linux-gnu/libXfixes.so.3.1.0
7fe5f3bf5000-7fe5f3df4000 ---p 00005000 08:08 1181064                    /usr/lib/x86_64-linux-gnu/libXfixes.so.3.1.0
7fe5f3df4000-7fe5f3df5000 r--p 00004000 08:08 1181064                    /usr/lib/x86_64-linux-gnu/libXfixes.so.3.1.0
7fe5f3df5000-7fe5f3df6000 rw-p 00005000 08:08 1181064                    /usr/lib/x86_64-linux-gnu/libXfixes.so.3.1.0
7fe5f3df6000-7fe5f3dff000 r-xp 00000000 08:08 1187903                    /usr/lib/x86_64-linux-gnu/libXcursor.so.1.0.2
7fe5f3dff000-7fe5f3ffe000 ---p 00009000 08:08 1187903                    /usr/lib/x86_64-linux-gnu/libXcursor.so.1.0.2
7fe5f3ffe000-7fe5f3fff000 r--p 00008000 08:08 1187903                    /usr/lib/x86_64-linux-gnu/libXcursor.so.1.0.2
7fe5f3fff000-7fe5f4000000 rw-p 00009000 08:08 1187903                    /usr/lib/x86_64-linux-gnu/libXcursor.so.1.0.2
7fe5f4000000-7fe5f4021000 rw-p 00000000 00:00 0 
7fe5f4021000-7fe5f8000000 ---p 00000000 00:00 0 
7fe5f8000000-7fe5f8021000 rw-p 00000000 00:00 0 
7fe5f8021000-7fe5fc000000 ---p 00000000 00:00 0 
7fe5fc000000-7fe5fc1bb000 rw-p 00000000 00:00 0 
7fe5fc1bb000-7fe600000000 ---p 00000000 00:00 0 
7fe600000000-7fe6006cb000 rw-p 00000000 00:00 0 
7fe6006cb000-7fe604000000 ---p 00000000 00:00 0 
7fe604000000-7fe604021000 rw-p 00000000 00:00 0 
7fe604021000-7fe608000000 ---p 00000000 00:00 0 
7fe608000000-7fe608147000 rw-p 00000000 00:00 0 
7fe608147000-7fe60c000000 ---p 00000000 00:00 0 
7fe60c000000-7fe60c021000 rw-p 00000000 00:00 0 
7fe60c021000-7fe610000000 ---p 00000000 00:00 0 
7fe610000000-7fe610021000 rw-p 00000000 00:00 0 
7fe610021000-7fe614000000 ---p 00000000 00:00 0 
7fe614000000-7fe614021000 rw-p 00000000 00:00 0 
7fe614021000-7fe618000000 ---p 00000000 00:00 0 
7fe618000000-7fe618021000 rw-p 00000000 00:00 0 
7fe618021000-7fe61c000000 ---p 00000000 00:00 0 
7fe61c000000-7fe61c021000 rw-p 00000000 00:00 0 
7fe61c021000-7fe620000000 ---p 00000000 00:00 0 
7fe6200bf000-7fe6200c2000 ---p 00000000 00:00 0 
7fe6200c2000-7fe6201c0000 rw-p 00000000 00:00 0 
7fe6201c0000-7fe6201c3000 ---p 00000000 00:00 0 
7fe6201c3000-7fe6202c1000 rw-p 00000000 00:00 0 
7fe6202c1000-7fe6202d7000 r-xp 00000000 08:08 396947                     /lib/x86_64-linux-gnu/libgcc_s.so.1
7fe6202d7000-7fe6204d6000 ---p 00016000 08:08 396947                     /lib/x86_64-linux-gnu/libgcc_s.so.1
7fe6204d6000-7fe6204d7000 rw-p 00015000 08:08 396947                     /lib/x86_64-linux-gnu/libgcc_s.so.1
7fe6204d7000-7fe62053c000 r-xp 00000000 08:08 1203836                    /usr/java/jdk1.8.0_121/jre/lib/amd64/libfontmanager.so
7fe62053c000-7fe62073b000 ---p 00065000 08:08 1203836                    /usr/java/jdk1.8.0_121/jre/lib/amd64/libfontmanager.so
7fe62073b000-7fe620740000 rw-p 00064000 08:08 1203836                    /usr/java/jdk1.8.0_121/jre/lib/amd64/libfontmanager.so
7fe620740000-7fe620750000 rw-p 00000000 00:00 0 
7fe620750000-7fe620755000 r-xp 00000000 08:08 1187907                    /usr/lib/x86_64-linux-gnu/libXdmcp.so.6.0.0
7fe620755000-7fe620954000 ---p 00005000 08:08 1187907                    /usr/lib/x86_64-linux-gnu/libXdmcp.so.6.0.0
7fe620954000-7fe620955000 r--p 00004000 08:08 1187907                    /usr/lib/x86_64-linux-gnu/libXdmcp.so.6.0.0
7fe620955000-7fe620956000 rw-p 00005000 08:08 1187907                    /usr/lib/x86_64-linux-gnu/libXdmcp.so.6.0.0
7fe620956000-7fe620958000 r-xp 00000000 08:08 1187896                    /usr/lib/x86_64-linux-gnu/libXau.so.6.0.0
7fe620958000-7fe620b58000 ---p 00002000 08:08 1187896                    /usr/lib/x86_64-linux-gnu/libXau.so.6.0.0
7fe620b58000-7fe620b59000 r--p 00002000 08:08 1187896                    /usr/lib/x86_64-linux-gnu/libXau.so.6.0.0
7fe620b59000-7fe620b5a000 rw-p 00003000 08:08 1187896                    /usr/lib/x86_64-linux-gnu/libXau.so.6.0.0
7fe620b5a000-7fe620b77000 r-xp 00000000 08:08 1188964                    /usr/lib/x86_64-linux-gnu/libxcb.so.1.1.0
7fe620b77000-7fe620d77000 ---p 0001d000 08:08 1188964                    /usr/lib/x86_64-linux-gnu/libxcb.so.1.1.0
7fe620d77000-7fe620d78000 r--p 0001d000 08:08 1188964                    /usr/lib/x86_64-linux-gnu/libxcb.so.1.1.0
7fe620d78000-7fe620d79000 rw-p 0001e000 08:08 1188964                    /usr/lib/x86_64-linux-gnu/libxcb.so.1.1.0
7fe620d79000-7fe620d88000 r-xp 00000000 08:08 1181079                    /usr/lib/x86_64-linux-gnu/libXi.so.6.1.0
7fe620d88000-7fe620f87000 ---p 0000f000 08:08 1181079                    /usr/lib/x86_64-linux-gnu/libXi.so.6.1.0
7fe620f87000-7fe620f88000 r--p 0000e000 08:08 1181079                    /usr/lib/x86_64-linux-gnu/libXi.so.6.1.0
7fe620f88000-7fe620f89000 rw-p 0000f000 08:08 1181079                    /usr/lib/x86_64-linux-gnu/libXi.so.6.1.0
7fe620f89000-7fe620f8e000 r-xp 00000000 08:08 1187937                    /usr/lib/x86_64-linux-gnu/libXtst.so.6.1.0
7fe620f8e000-7fe62118d000 ---p 00005000 08:08 1187937                    /usr/lib/x86_64-linux-gnu/libXtst.so.6.1.0
7fe62118d000-7fe62118e000 r--p 00004000 08:08 1187937                    /usr/lib/x86_64-linux-gnu/libXtst.so.6.1.0
7fe62118e000-7fe62118f000 rw-p 00005000 08:08 1187937                    /usr/lib/x86_64-linux-gnu/libXtst.so.6.1.0
7fe62118f000-7fe621198000 r-xp 00000000 08:08 1181081                    /usr/lib/x86_64-linux-gnu/libXrender.so.1.3.0
7fe621198000-7fe621397000 ---p 00009000 08:08 1181081                    /usr/lib/x86_64-linux-gnu/libXrender.so.1.3.0
7fe621397000-7fe621398000 r--p 00008000 08:08 1181081                    /usr/lib/x86_64-linux-gnu/libXrender.so.1.3.0
7fe621398000-7fe621399000 rw-p 00009000 08:08 1181081                    /usr/lib/x86_64-linux-gnu/libXrender.so.1.3.0
7fe621399000-7fe6214c9000 r-xp 00000000 08:08 1187892                    /usr/lib/x86_64-linux-gnu/libX11.so.6.3.0
7fe6214c9000-7fe6216c9000 ---p 00130000 08:08 1187892                    /usr/lib/x86_64-linux-gnu/libX11.so.6.3.0
7fe6216c9000-7fe6216ca000 r--p 00130000 08:08 1187892                    /usr/lib/x86_64-linux-gnu/libX11.so.6.3.0
7fe6216ca000-7fe6216ce000 rw-p 00131000 08:08 1187892                    /usr/lib/x86_64-linux-gnu/libX11.so.6.3.0
7fe6216ce000-7fe6216df000 r-xp 00000000 08:08 1178446                    /usr/lib/x86_64-linux-gnu/libXext.so.6.4.0
7fe6216df000-7fe6218de000 ---p 00011000 08:08 1178446                    /usr/lib/x86_64-linux-gnu/libXext.so.6.4.0
7fe6218de000-7fe6218df000 r--p 00010000 08:08 1178446                    /usr/lib/x86_64-linux-gnu/libXext.so.6.4.0
7fe6218df000-7fe6218e0000 rw-p 00011000 08:08 1178446                    /usr/lib/x86_64-linux-gnu/libXext.so.6.4.0
7fe6218e0000-7fe621934000 r-xp 00000000 08:08 1203844                    /usr/java/jdk1.8.0_121/jre/lib/amd64/libawt_xawt.so
7fe621934000-7fe621b34000 ---p 00054000 08:08 1203844                    /usr/java/jdk1.8.0_121/jre/lib/amd64/libawt_xawt.so
7fe621b34000-7fe621b38000 rw-p 00054000 08:08 1203844                    /usr/java/jdk1.8.0_121/jre/lib/amd64/libawt_xawt.so
7fe621b38000-7fe621b39000 rw-p 00000000 00:00 0 
7fe621b39000-7fe621bdb000 r-xp 00000000 08:08 1203877                    /usr/java/jdk1.8.0_121/jre/lib/amd64/libawt.so
7fe621bdb000-7fe621ddb000 ---p 000a2000 08:08 1203877                    /usr/java/jdk1.8.0_121/jre/lib/amd64/libawt.so
7fe621ddb000-7fe621de7000 rw-p 000a2000 08:08 1203877                    /usr/java/jdk1.8.0_121/jre/lib/amd64/libawt.so
7fe621de7000-7fe621e0b000 rw-p 00000000 00:00 0 
7fe621e0b000-7fe621e0c000 ---p 00000000 00:00 0 
7fe621e0c000-7fe621f0c000 rw-p 00000000 00:00 0 
7fe621f0c000-7fe621f0f000 ---p 00000000 00:00 0 
7fe621f0f000-7fe62200d000 rw-p 00000000 00:00 0 
7fe62200d000-7fe622010000 ---p 00000000 00:00 0 
7fe622010000-7fe62210e000 rw-p 00000000 00:00 0 
7fe62210e000-7fe622111000 ---p 00000000 00:00 0 
7fe622111000-7fe62220f000 rw-p 00000000 00:00 0 
7fe62220f000-7fe622212000 ---p 00000000 00:00 0 
7fe622212000-7fe622310000 rw-p 00000000 00:00 0 
7fe622310000-7fe622313000 ---p 00000000 00:00 0 
7fe622313000-7fe622411000 rw-p 00000000 00:00 0 
7fe622411000-7fe622af3000 r--p 00000000 08:08 1185564                    /usr/lib/locale/locale-archive
7fe622af3000-7fe622af6000 ---p 00000000 00:00 0 
7fe622af6000-7fe622bf4000 rw-p 00000000 00:00 0 
7fe622bf4000-7fe622bf7000 ---p 00000000 00:00 0 
7fe622bf7000-7fe622cf5000 rw-p 00000000 00:00 0 
7fe622cf5000-7fe622cf6000 ---p 00000000 00:00 0 
7fe622cf6000-7fe624000000 rw-p 00000000 00:00 0 
7fe624000000-7fe624021000 rw-p 00000000 00:00 0 
7fe624021000-7fe628000000 ---p 00000000 00:00 0 
7fe62804e000-7fe62c000000 rw-p 00000000 00:00 0 
7fe62c000000-7fe62c021000 rw-p 00000000 00:00 0 
7fe62c021000-7fe630000000 ---p 00000000 00:00 0 
7fe63003a000-7fe630441000 rw-p 00000000 00:00 0 
7fe630441000-7fe63061a000 r--s 03d3e000 08:08 1203809                    /usr/java/jdk1.8.0_121/jre/lib/rt.jar
7fe63061a000-7fe630a6b000 rw-p 00000000 00:00 0 
7fe630a6b000-7fe630a6c000 ---p 00000000 00:00 0 
7fe630a6c000-7fe630b6c000 rw-p 00000000 00:00 0 
7fe630b6c000-7fe630b6d000 ---p 00000000 00:00 0 
7fe630b6d000-7fe630c6d000 rw-p 00000000 00:00 0 
7fe630c6d000-7fe630c6e000 ---p 00000000 00:00 0 
7fe630c6e000-7fe630d98000 rw-p 00000000 00:00 0 
7fe630d98000-7fe631000000 ---p 00000000 00:00 0 
7fe631000000-7fe631570000 rwxp 00000000 00:00 0 
7fe631570000-7fe640000000 ---p 00000000 00:00 0 
7fe640000000-7fe640596000 rw-p 00000000 00:00 0 
7fe640596000-7fe644000000 ---p 00000000 00:00 0 
7fe64400c000-7fe64400d000 ---p 00000000 00:00 0 
7fe64400d000-7fe644137000 rw-p 00000000 00:00 0 
7fe644137000-7fe64439f000 ---p 00000000 00:00 0 
7fe64439f000-7fe6443b4000 rw-p 00000000 00:00 0 
7fe6443b4000-7fe6444e8000 ---p 00000000 00:00 0 
7fe6444e8000-7fe6444ff000 rw-p 00000000 00:00 0 
7fe6444ff000-7fe6448a9000 ---p 00000000 00:00 0 
7fe6448a9000-7fe6448c3000 r-xp 00000000 08:08 1203840                    /usr/java/jdk1.8.0_121/jre/lib/amd64/libzip.so
7fe6448c3000-7fe644ac3000 ---p 0001a000 08:08 1203840                    /usr/java/jdk1.8.0_121/jre/lib/amd64/libzip.so
7fe644ac3000-7fe644ac4000 rw-p 0001a000 08:08 1203840                    /usr/java/jdk1.8.0_121/jre/lib/amd64/libzip.so
7fe644ac4000-7fe644ace000 r-xp 00000000 08:08 420031                     /lib/x86_64-linux-gnu/libnss_files-2.19.so
7fe644ace000-7fe644ccd000 ---p 0000a000 08:08 420031                     /lib/x86_64-linux-gnu/libnss_files-2.19.so
7fe644ccd000-7fe644cce000 r--p 00009000 08:08 420031                     /lib/x86_64-linux-gnu/libnss_files-2.19.so
7fe644cce000-7fe644ccf000 rw-p 0000a000 08:08 420031                     /lib/x86_64-linux-gnu/libnss_files-2.19.so
7fe644ccf000-7fe644cda000 r-xp 00000000 08:08 419814                     /lib/x86_64-linux-gnu/libnss_nis-2.19.so
7fe644cda000-7fe644ed9000 ---p 0000b000 08:08 419814                     /lib/x86_64-linux-gnu/libnss_nis-2.19.so
7fe644ed9000-7fe644eda000 r--p 0000a000 08:08 419814                     /lib/x86_64-linux-gnu/libnss_nis-2.19.so
7fe644eda000-7fe644edb000 rw-p 0000b000 08:08 419814                     /lib/x86_64-linux-gnu/libnss_nis-2.19.so
7fe644edb000-7fe644ef2000 r-xp 00000000 08:08 419760                     /lib/x86_64-linux-gnu/libnsl-2.19.so
7fe644ef2000-7fe6450f1000 ---p 00017000 08:08 419760                     /lib/x86_64-linux-gnu/libnsl-2.19.so
7fe6450f1000-7fe6450f2000 r--p 00016000 08:08 419760                     /lib/x86_64-linux-gnu/libnsl-2.19.so
7fe6450f2000-7fe6450f3000 rw-p 00017000 08:08 419760                     /lib/x86_64-linux-gnu/libnsl-2.19.so
7fe6450f3000-7fe6450f5000 rw-p 00000000 00:00 0 
7fe6450f5000-7fe6450fe000 r-xp 00000000 08:08 419757                     /lib/x86_64-linux-gnu/libnss_compat-2.19.so
7fe6450fe000-7fe6452fd000 ---p 00009000 08:08 419757                     /lib/x86_64-linux-gnu/libnss_compat-2.19.so
7fe6452fd000-7fe6452fe000 r--p 00008000 08:08 419757                     /lib/x86_64-linux-gnu/libnss_compat-2.19.so
7fe6452fe000-7fe6452ff000 rw-p 00009000 08:08 419757                     /lib/x86_64-linux-gnu/libnss_compat-2.19.so
7fe6452ff000-7fe64532a000 r-xp 00000000 08:08 1203867                    /usr/java/jdk1.8.0_121/jre/lib/amd64/libjava.so
7fe64532a000-7fe645529000 ---p 0002b000 08:08 1203867                    /usr/java/jdk1.8.0_121/jre/lib/amd64/libjava.so
7fe645529000-7fe64552b000 rw-p 0002a000 08:08 1203867                    /usr/java/jdk1.8.0_121/jre/lib/amd64/libjava.so
7fe64552b000-7fe645538000 r-xp 00000000 08:08 1203818                    /usr/java/jdk1.8.0_121/jre/lib/amd64/libverify.so
7fe645538000-7fe645737000 ---p 0000d000 08:08 1203818                    /usr/java/jdk1.8.0_121/jre/lib/amd64/libverify.so
7fe645737000-7fe645739000 rw-p 0000c000 08:08 1203818                    /usr/java/jdk1.8.0_121/jre/lib/amd64/libverify.so
7fe645739000-7fe645740000 r-xp 00000000 08:08 419840                     /lib/x86_64-linux-gnu/librt-2.19.so
7fe645740000-7fe64593f000 ---p 00007000 08:08 419840                     /lib/x86_64-linux-gnu/librt-2.19.so
7fe64593f000-7fe645940000 r--p 00006000 08:08 419840                     /lib/x86_64-linux-gnu/librt-2.19.so
7fe645940000-7fe645941000 rw-p 00007000 08:08 419840                     /lib/x86_64-linux-gnu/librt-2.19.so
7fe645941000-7fe645a46000 r-xp 00000000 08:08 419635                     /lib/x86_64-linux-gnu/libm-2.19.so
7fe645a46000-7fe645c45000 ---p 00105000 08:08 419635                     /lib/x86_64-linux-gnu/libm-2.19.so
7fe645c45000-7fe645c46000 r--p 00104000 08:08 419635                     /lib/x86_64-linux-gnu/libm-2.19.so
7fe645c46000-7fe645c47000 rw-p 00105000 08:08 419635                     /lib/x86_64-linux-gnu/libm-2.19.so
7fe645c47000-7fe646915000 r-xp 00000000 08:08 1203871                    /usr/java/jdk1.8.0_121/jre/lib/amd64/server/libjvm.so
7fe646915000-7fe646b15000 ---p 00cce000 08:08 1203871                    /usr/java/jdk1.8.0_121/jre/lib/amd64/server/libjvm.so
7fe646b15000-7fe646bee000 rw-p 00cce000 08:08 1203871                    /usr/java/jdk1.8.0_121/jre/lib/amd64/server/libjvm.so
7fe646bee000-7fe646c39000 rw-p 00000000 00:00 0 
7fe646c39000-7fe646df3000 r-xp 00000000 08:08 419893                     /lib/x86_64-linux-gnu/libc-2.19.so
7fe646df3000-7fe646ff3000 ---p 001ba000 08:08 419893                     /lib/x86_64-linux-gnu/libc-2.19.so
7fe646ff3000-7fe646ff7000 r--p 001ba000 08:08 419893                     /lib/x86_64-linux-gnu/libc-2.19.so
7fe646ff7000-7fe646ff9000 rw-p 001be000 08:08 419893                     /lib/x86_64-linux-gnu/libc-2.19.so
7fe646ff9000-7fe646ffe000 rw-p 00000000 00:00 0 
7fe646ffe000-7fe647001000 r-xp 00000000 08:08 419753                     /lib/x86_64-linux-gnu/libdl-2.19.so
7fe647001000-7fe647200000 ---p 00003000 08:08 419753                     /lib/x86_64-linux-gnu/libdl-2.19.so
7fe647200000-7fe647201000 r--p 00002000 08:08 419753                     /lib/x86_64-linux-gnu/libdl-2.19.so
7fe647201000-7fe647202000 rw-p 00003000 08:08 419753                     /lib/x86_64-linux-gnu/libdl-2.19.so
7fe647202000-7fe647217000 r-xp 00000000 08:08 31429                      /usr/java/jdk1.8.0_121/lib/amd64/jli/libjli.so
7fe647217000-7fe647417000 ---p 00015000 08:08 31429                      /usr/java/jdk1.8.0_121/lib/amd64/jli/libjli.so
7fe647417000-7fe647418000 rw-p 00015000 08:08 31429                      /usr/java/jdk1.8.0_121/lib/amd64/jli/libjli.so
7fe647418000-7fe647431000 r-xp 00000000 08:08 419770                     /lib/x86_64-linux-gnu/libpthread-2.19.so
7fe647431000-7fe647630000 ---p 00019000 08:08 419770                     /lib/x86_64-linux-gnu/libpthread-2.19.so
7fe647630000-7fe647631000 r--p 00018000 08:08 419770                     /lib/x86_64-linux-gnu/libpthread-2.19.so
7fe647631000-7fe647632000 rw-p 00019000 08:08 419770                     /lib/x86_64-linux-gnu/libpthread-2.19.so
7fe647632000-7fe647636000 rw-p 00000000 00:00 0 
7fe647636000-7fe647659000 r-xp 00000000 08:08 419801                     /lib/x86_64-linux-gnu/ld-2.19.so
7fe647670000-7fe64773b000 rw-p 00000000 00:00 0 
7fe64773b000-7fe64773e000 ---p 00000000 00:00 0 
7fe64773e000-7fe647840000 rw-p 00000000 00:00 0 
7fe647846000-7fe64784a000 r--s 0009a000 08:08 1203804                    /usr/java/jdk1.8.0_121/jre/lib/jsse.jar
7fe64784a000-7fe64784c000 r--s 00009000 08:08 1340958                    /usr/java/external-libs/jdatepicker-1.3.4.jar
7fe64784c000-7fe647854000 rw-s 00000000 08:08 160391                     /tmp/hsperfdata_alex/28682
7fe647854000-7fe647855000 rw-p 00000000 00:00 0 
7fe647855000-7fe647856000 r--p 00000000 00:00 0 
7fe647856000-7fe647858000 rw-p 00000000 00:00 0 
7fe647858000-7fe647859000 r--p 00022000 08:08 419801                     /lib/x86_64-linux-gnu/ld-2.19.so
7fe647859000-7fe64785a000 rw-p 00023000 08:08 419801                     /lib/x86_64-linux-gnu/ld-2.19.so
7fe64785a000-7fe64785b000 rw-p 00000000 00:00 0 
7ffe71522000-7ffe71543000 rw-p 00000000 00:00 0                          [stack]
7ffe7159d000-7ffe7159f000 r--p 00000000 00:00 0                          [vvar]
7ffe7159f000-7ffe715a1000 r-xp 00000000 00:00 0                          [vdso]
ffffffffff600000-ffffffffff601000 r-xp 00000000 00:00 0                  [vsyscall]

VM Arguments:
java_command: GUIClass
java_class_path (initial): .:/usr/java/external-libs/jdatepicker-1.3.4.jar
Launcher Type: SUN_STANDARD

Environment Variables:
PATH=/usr/local/sbin:/usr/local/bin:/usr/sbin:/usr/bin:/sbin:/bin:/usr/games:/usr/local/games
SHELL=/bin/bash
DISPLAY=:0

Signal Handlers:
SIGSEGV: [libjvm.so+0xac78c0], sa_mask[0]=11111111011111111101111111111110, sa_flags=SA_RESTART|SA_SIGINFO
SIGBUS: [libjvm.so+0xac78c0], sa_mask[0]=11111111011111111101111111111110, sa_flags=SA_RESTART|SA_SIGINFO
SIGFPE: [libjvm.so+0x920ac0], sa_mask[0]=11111111011111111101111111111110, sa_flags=SA_RESTART|SA_SIGINFO
SIGPIPE: [libjvm.so+0x920ac0], sa_mask[0]=11111111011111111101111111111110, sa_flags=SA_RESTART|SA_SIGINFO
SIGXFSZ: [libjvm.so+0x920ac0], sa_mask[0]=11111111011111111101111111111110, sa_flags=SA_RESTART|SA_SIGINFO
SIGILL: [libjvm.so+0x920ac0], sa_mask[0]=11111111011111111101111111111110, sa_flags=SA_RESTART|SA_SIGINFO
SIGUSR1: SIG_DFL, sa_mask[0]=00000000000000000000000000000000, sa_flags=none
SIGUSR2: [libjvm.so+0x922300], sa_mask[0]=00000000000000000000000000000000, sa_flags=SA_RESTART|SA_SIGINFO
SIGHUP: [libjvm.so+0x923700], sa_mask[0]=11111111011111111101111111111110, sa_flags=SA_RESTART|SA_SIGINFO
SIGINT: [libjvm.so+0x923700], sa_mask[0]=11111111011111111101111111111110, sa_flags=SA_RESTART|SA_SIGINFO
SIGTERM: [libjvm.so+0x923700], sa_mask[0]=11111111011111111101111111111110, sa_flags=SA_RESTART|SA_SIGINFO
SIGQUIT: [libjvm.so+0x923700], sa_mask[0]=11111111011111111101111111111110, sa_flags=SA_RESTART|SA_SIGINFO


---------------  S Y S T E M  ---------------

OS:DISTRIB_ID=Ubuntu
DISTRIB_RELEASE=14.04
DISTRIB_CODENAME=trusty
DISTRIB_DESCRIPTION="Ubuntu 14.04.5 LTS"

uname:Linux 4.4.0-62-generic #83~14.04.1-Ubuntu SMP Wed Jan 18 18:10:30 UTC 2017 x86_64
libc:glibc 2.19 NPTL 2.19 
rlimit: STACK 8192k, CORE 0k, NPROC 31012, NOFILE 4096, AS infinity
load average:0.06 0.01 0.02

/proc/meminfo:
MemTotal:        8085332 kB
MemFree:         1443672 kB
MemAvailable:    2941144 kB
Buffers:          206548 kB
Cached:          3350248 kB
SwapCached:            0 kB
Active:          3724144 kB
Inactive:        2549292 kB
Active(anon):    2719004 kB
Inactive(anon):  1923756 kB
Active(file):    1005140 kB
Inactive(file):   625536 kB
Unevictable:          64 kB
Mlocked:              64 kB
SwapTotal:       3753980 kB
SwapFree:        3753684 kB
Dirty:                84 kB
Writeback:             0 kB
AnonPages:       2716764 kB
Mapped:          1138480 kB
Shmem:           1926128 kB
Slab:             228496 kB
SReclaimable:     174692 kB
SUnreclaim:        53804 kB
KernelStack:       12464 kB
PageTables:        59592 kB
NFS_Unstable:          0 kB
Bounce:                0 kB
WritebackTmp:          0 kB
CommitLimit:     7796644 kB
Committed_AS:   11240480 kB
VmallocTotal:   34359738367 kB
VmallocUsed:           0 kB
VmallocChunk:          0 kB
HardwareCorrupted:     0 kB
AnonHugePages:   1599488 kB
CmaTotal:              0 kB
CmaFree:               0 kB
HugePages_Total:       0
HugePages_Free:        0
HugePages_Rsvd:        0
HugePages_Surp:        0
Hugepagesize:       2048 kB
DirectMap4k:      211712 kB
DirectMap2M:     8087552 kB
DirectMap1G:     1048576 kB


CPU:total 4 (2 cores per cpu, 2 threads per core) family 6 model 69 stepping 1, cmov, cx8, fxsr, mmx, sse, sse2, sse3, ssse3, sse4.1, sse4.2, popcnt, avx, avx2, aes, clmul, erms, lzcnt, ht, tsc, tscinvbit, bmi1, bmi2

/proc/cpuinfo:
processor	: 0
vendor_id	: GenuineIntel
cpu family	: 6
model		: 69
model name	: Intel(R) Core(TM) i7-4510U CPU @ 2.00GHz
stepping	: 1
microcode	: 0x17
cpu MHz		: 2799.976
cache size	: 4096 KB
physical id	: 0
siblings	: 4
core id		: 0
cpu cores	: 2
apicid		: 0
initial apicid	: 0
fpu		: yes
fpu_exception	: yes
cpuid level	: 13
wp		: yes
flags		: fpu vme de pse tsc msr pae mce cx8 apic sep mtrr pge mca cmov pat pse36 clflush dts acpi mmx fxsr sse sse2 ss ht tm pbe syscall nx pdpe1gb rdtscp lm constant_tsc arch_perfmon pebs bts rep_good nopl xtopology nonstop_tsc aperfmperf eagerfpu pni pclmulqdq dtes64 monitor ds_cpl vmx est tm2 ssse3 sdbg fma cx16 xtpr pdcm pcid sse4_1 sse4_2 movbe popcnt tsc_deadline_timer aes xsave avx f16c rdrand lahf_lm abm epb tpr_shadow vnmi flexpriority ept vpid fsgsbase tsc_adjust bmi1 avx2 smep bmi2 erms invpcid xsaveopt dtherm ida arat pln pts
bugs		:
bogomips	: 5187.88
clflush size	: 64
cache_alignment	: 64
address sizes	: 39 bits physical, 48 bits virtual
power management:

processor	: 1
vendor_id	: GenuineIntel
cpu family	: 6
model		: 69
model name	: Intel(R) Core(TM) i7-4510U CPU @ 2.00GHz
stepping	: 1
microcode	: 0x17
cpu MHz		: 2799.976
cache size	: 4096 KB
physical id	: 0
siblings	: 4
core id		: 0
cpu cores	: 2
apicid		: 1
initial apicid	: 1
fpu		: yes
fpu_exception	: yes
cpuid level	: 13
wp		: yes
flags		: fpu vme de pse tsc msr pae mce cx8 apic sep mtrr pge mca cmov pat pse36 clflush dts acpi mmx fxsr sse sse2 ss ht tm pbe syscall nx pdpe1gb rdtscp lm constant_tsc arch_perfmon pebs bts rep_good nopl xtopology nonstop_tsc aperfmperf eagerfpu pni pclmulqdq dtes64 monitor ds_cpl vmx est tm2 ssse3 sdbg fma cx16 xtpr pdcm pcid sse4_1 sse4_2 movbe popcnt tsc_deadline_timer aes xsave avx f16c rdrand lahf_lm abm epb tpr_shadow vnmi flexpriority ept vpid fsgsbase tsc_adjust bmi1 avx2 smep bmi2 erms invpcid xsaveopt dtherm ida arat pln pts
bugs		:
bogomips	: 5187.88
clflush size	: 64
cache_alignment	: 64
address sizes	: 39 bits physical, 48 bits virtual
power management:

processor	: 2
vendor_id	: GenuineIntel
cpu family	: 6
model		: 69
model name	: Intel(R) Core(TM) i7-4510U CPU @ 2.00GHz
stepping	: 1
microcode	: 0x17
cpu MHz		: 2799.976
cache size	: 4096 KB
physical id	: 0
siblings	: 4
core id		: 1
cpu cores	: 2
apicid		: 2
initial apicid	: 2
fpu		: yes
fpu_exception	: yes
cpuid level	: 13
wp		: yes
flags		: fpu vme de pse tsc msr pae mce cx8 apic sep mtrr pge mca cmov pat pse36 clflush dts acpi mmx fxsr sse sse2 ss ht tm pbe syscall nx pdpe1gb rdtscp lm constant_tsc arch_perfmon pebs bts rep_good nopl xtopology nonstop_tsc aperfmperf eagerfpu pni pclmulqdq dtes64 monitor ds_cpl vmx est tm2 ssse3 sdbg fma cx16 xtpr pdcm pcid sse4_1 sse4_2 movbe popcnt tsc_deadline_timer aes xsave avx f16c rdrand lahf_lm abm epb tpr_shadow vnmi flexpriority ept vpid fsgsbase tsc_adjust bmi1 avx2 smep bmi2 erms invpcid xsaveopt dtherm ida arat pln pts
bugs		:
bogomips	: 5187.88
clflush size	: 64
cache_alignment	: 64
address sizes	: 39 bits physical, 48 bits virtual
power management:

processor	: 3
vendor_id	: GenuineIntel
cpu family	: 6
model		: 69
model name	: Intel(R) Core(TM) i7-4510U CPU @ 2.00GHz
stepping	: 1
microcode	: 0x17
cpu MHz		: 2799.976
cache size	: 4096 KB
physical id	: 0
siblings	: 4
core id		: 1
cpu cores	: 2
apicid		: 3
initial apicid	: 3
fpu		: yes
fpu_exception	: yes
cpuid level	: 13
wp		: yes
flags		: fpu vme de pse tsc msr pae mce cx8 apic sep mtrr pge mca cmov pat pse36 clflush dts acpi mmx fxsr sse sse2 ss ht tm pbe syscall nx pdpe1gb rdtscp lm constant_tsc arch_perfmon pebs bts rep_good nopl xtopology nonstop_tsc aperfmperf eagerfpu pni pclmulqdq dtes64 monitor ds_cpl vmx est tm2 ssse3 sdbg fma cx16 xtpr pdcm pcid sse4_1 sse4_2 movbe popcnt tsc_deadline_timer aes xsave avx f16c rdrand lahf_lm abm epb tpr_shadow vnmi flexpriority ept vpid fsgsbase tsc_adjust bmi1 avx2 smep bmi2 erms invpcid xsaveopt dtherm ida arat pln pts
bugs		:
bogomips	: 5187.88
clflush size	: 64
cache_alignment	: 64
address sizes	: 39 bits physical, 48 bits virtual
power management:



Memory: 4k page, physical 8085332k(1443820k free), swap 3753980k(3753684k free)

vm_info: Java HotSpot(TM) 64-Bit Server VM (25.121-b13) for linux-amd64 JRE (1.8.0_121-b13), built on Dec 12 2016 16:36:53 by "java_re" with gcc 4.3.0 20080428 (Red Hat 4.3.0-8)

time: Tue Mar 28 09:54:20 2017
elapsed time: 1078 seconds (0d 0h 17m 58s)

